PB Trace output file: C:\project\DataWindow_WPFCO\Custom_DW.out\bin\Debug\PBTrace.log
---------------------------------
Inner Exception:
Exception Time: 2012-08-23 13:38:01.1895000
Process ID: 2592
AppDomain: Custom_DW.exe Domain ID: 1
 Managed Thread ID: 1
Current Thread State: Running
Method: Void b(System.String)
Exception Type: System.Exception
Exception Message: System.Exception: Incorrect syntax
   在 cj.b(String A_0)
   在 Sybase.DataWindow.Core.DotNotationParser.datawindow_properties()
   在 Sybase.DataWindow.Core.DotNotationParser.dw_dotnotation()
   在 ag.a(DWObject A_0, String A_1, Object A_2, i A_3)
   在 ag.b(DWObject A_0, String A_1, Object A_2, i A_3)
   在 ag.a(DWObject A_0, String A_1, Object A_2)
   在 Sybase.DataWindow.Core.DWDataWindowObject.SetDotNotationAttribute(DWObject obj, String syntax, Object value)
   在 Sybase.PowerBuilder.WPF.PBDWObject.__set_attribute(PBString n, PBAny v)
Exception Source: Sybase.DataWindow.Core
Exception StackTrace:    在 cj.b(String A_0)
   在 Sybase.DataWindow.Core.DotNotationParser.datawindow_properties()
   在 Sybase.DataWindow.Core.DotNotationParser.dw_dotnotation()
   在 ag.a(DWObject A_0, String A_1, Object A_2, i A_3)
   在 ag.b(DWObject A_0, String A_1, Object A_2, i A_3)
   在 ag.a(DWObject A_0, String A_1, Object A_2)
   在 Sybase.DataWindow.Core.DWDataWindowObject.SetDotNotationAttribute(DWObject obj, String syntax, Object value)
   在 Sybase.PowerBuilder.WPF.PBDWObject.__set_attribute(PBString n, PBAny v)
Exception Call Stack:    在 System.Environment.GetStackTrace(Exception e, Boolean needFileInfo)
   在 System.Environment.get_StackTrace()
   在 Sybase.PowerBuilder.PBLogger.a(Exception A_0, LogLevel A_1, Boolean A_2, Boolean A_3)
   在 Sybase.PowerBuilder.PBLogger.a(Exception A_0, LogLevel A_1, Boolean A_2)
   在 Sybase.PowerBuilder.PBLogger.a(Exception A_0, LogLevel A_1, Boolean A_2)
   在 Sybase.PowerBuilder.PBLogger.a(Exception A_0, LogLevel A_1, Boolean A_2)
   在 Sybase.PowerBuilder.PBLogger.LogExceptionOnly(Exception e, LogLevel logLevel)
   在 Sybase.PowerBuilder.PBError.SetError(Exception e)
   在 Sybase.PowerBuilder.PBApplication.TriggerSystemError(Exception e)
   在 Sybase.PowerBuilder.WPF.PBSession.TriggerSystemError(Exception e)
   在 Sybase.PowerBuilder.WPF.PBApplication.a(Object A_0, DispatcherUnhandledExceptionEventArgs A_1)
   在 System.Windows.Threading.Dispatcher.CatchException(Exception e)
   在 System.Windows.Threading.Dispatcher.CatchExceptionStatic(Object source, Exception e)
   在 System.Windows.Threading.ExceptionWrapper.CatchException(Object source, Exception e, Delegate catchHandler)
   在 MS.Internal.Threading.ExceptionFilterHelper.TryCatchWhen(Object source, Delegate method, Object args, Int32 numArgs, Delegate catchHandler)
   在 System.Windows.Threading.Dispatcher.InvokeImpl(DispatcherPriority priority, TimeSpan timeout, Delegate method, Object args, Int32 numArgs)
   在 MS.Win32.HwndSubclass.SubclassWndProc(IntPtr hwnd, Int32 msg, IntPtr wParam, IntPtr lParam)
   在 MS.Win32.UnsafeNativeMethods.DispatchMessage(MSG& msg)
   在 System.Windows.Threading.Dispatcher.PushFrameImpl(DispatcherFrame frame)
   在 System.Windows.Threading.Dispatcher.PushFrame(DispatcherFrame frame)
   在 System.Windows.Threading.Dispatcher.Run()
   在 System.Windows.Application.RunDispatcher(Object ignore)
   在 System.Windows.Application.RunInternal(Window window)
   在 System.Windows.Application.Run(Window window)
   在 System.Windows.Application.Run()
   在 Sybase.PowerBuilder.WPF.PBSession.RunWPFApp()
   在 PBApplicationEntryPoint.Main() 位置 c:\project\DataWindow_WPFCO\Custom_DW.out\PBApplicationEntryPoint.cs:行号 0

Inner Exception:
Exception Time: 2012-08-23 13:38:01.2676250
Process ID: 2592
AppDomain: Custom_DW.exe Domain ID: 1
 Managed Thread ID: 1
Current Thread State: Running
Method: Void a(System.Exception)
Exception Type: Sybase.PowerBuilder.PBDWRuntimeErrorE
Exception Message: Sybase.PowerBuilder.PBDWRuntimeErrorE ---> System.Exception: Incorrect syntax
   在 cj.b(String A_0)
   在 Sybase.DataWindow.Core.DotNotationParser.datawindow_properties()
   在 Sybase.DataWindow.Core.DotNotationParser.dw_dotnotation()
   在 ag.a(DWObject A_0, String A_1, Object A_2, i A_3)
   在 ag.b(DWObject A_0, String A_1, Object A_2, i A_3)
   在 ag.a(DWObject A_0, String A_1, Object A_2)
   在 Sybase.DataWindow.Core.DWDataWindowObject.SetDotNotationAttribute(DWObject obj, String syntax, Object value)
   在 Sybase.PowerBuilder.WPF.PBDWObject.__set_attribute(PBString n, PBAny v)
   --- 内部异常堆栈跟踪的结尾 ---
   在 Sybase.PowerBuilder.WPF.PBDWObject.a(Exception A_0)
   在 Sybase.PowerBuilder.WPF.PBDWObject.__set_attribute(PBString n, PBAny v)
   在 Sybase.PowerBuilder.PBExtObject.set_Item(PBString n, PBAny value)
   在 c__w_main.c__cb_query.clicked() 位置 c:\project\DataWindow_WPFCO\Custom_DW.out\w_main.cb_query.clicked:行号 5
Exception Source: Sybase.PowerBuilder.WPF
Exception StackTrace:    在 Sybase.PowerBuilder.WPF.PBDWObject.a(Exception A_0)
   在 Sybase.PowerBuilder.WPF.PBDWObject.__set_attribute(PBString n, PBAny v)
   在 Sybase.PowerBuilder.PBExtObject.set_Item(PBString n, PBAny value)
   在 c__w_main.c__cb_query.clicked() 位置 c:\project\DataWindow_WPFCO\Custom_DW.out\w_main.cb_query.clicked:行号 5
Exception Call Stack:    在 System.Environment.GetStackTrace(Exception e, Boolean needFileInfo)
   在 System.Environment.get_StackTrace()
   在 Sybase.PowerBuilder.PBLogger.a(Exception A_0, LogLevel A_1, Boolean A_2, Boolean A_3)
   在 Sybase.PowerBuilder.PBLogger.a(Exception A_0, LogLevel A_1, Boolean A_2)
   在 Sybase.PowerBuilder.PBLogger.a(Exception A_0, LogLevel A_1, Boolean A_2)
   在 Sybase.PowerBuilder.PBLogger.LogExceptionOnly(Exception e, LogLevel logLevel)
   在 Sybase.PowerBuilder.PBError.SetError(Exception e)
   在 Sybase.PowerBuilder.PBApplication.TriggerSystemError(Exception e)
   在 Sybase.PowerBuilder.WPF.PBSession.TriggerSystemError(Exception e)
   在 Sybase.PowerBuilder.WPF.PBApplication.a(Object A_0, DispatcherUnhandledExceptionEventArgs A_1)
   在 System.Windows.Threading.Dispatcher.CatchException(Exception e)
   在 System.Windows.Threading.Dispatcher.CatchExceptionStatic(Object source, Exception e)
   在 System.Windows.Threading.ExceptionWrapper.CatchException(Object source, Exception e, Delegate catchHandler)
   在 MS.Internal.Threading.ExceptionFilterHelper.TryCatchWhen(Object source, Delegate method, Object args, Int32 numArgs, Delegate catchHandler)
   在 System.Windows.Threading.Dispatcher.InvokeImpl(DispatcherPriority priority, TimeSpan timeout, Delegate method, Object args, Int32 numArgs)
   在 MS.Win32.HwndSubclass.SubclassWndProc(IntPtr hwnd, Int32 msg, IntPtr wParam, IntPtr lParam)
   在 MS.Win32.UnsafeNativeMethods.DispatchMessage(MSG& msg)
   在 System.Windows.Threading.Dispatcher.PushFrameImpl(DispatcherFrame frame)
   在 System.Windows.Threading.Dispatcher.PushFrame(DispatcherFrame frame)
   在 System.Windows.Threading.Dispatcher.Run()
   在 System.Windows.Application.RunDispatcher(Object ignore)
   在 System.Windows.Application.RunInternal(Window window)
   在 System.Windows.Application.Run(Window window)
   在 System.Windows.Application.Run()
   在 Sybase.PowerBuilder.WPF.PBSession.RunWPFApp()
   在 PBApplicationEntryPoint.Main() 位置 c:\project\DataWindow_WPFCO\Custom_DW.out\PBApplicationEntryPoint.cs:行号 0

Main Exception:
Exception Time: 2012-08-23 13:38:01.2676250
Process ID: 2592
AppDomain: Custom_DW.exe Domain ID: 1
 Managed Thread ID: 1
Current Thread State: Running
Method: System.Object _InvokeMethodFast(System.IRuntimeMethodInfo, System.Object, System.Object[], System.SignatureStruct ByRef, System.Reflection.MethodAttributes, System.RuntimeType)
Exception Type: System.Reflection.TargetInvocationException
Exception Message: System.Reflection.TargetInvocationException: 调用的目标发生了异常。 ---> Sybase.PowerBuilder.PBDWRuntimeErrorE ---> System.Exception: Incorrect syntax
   在 cj.b(String A_0)
   在 Sybase.DataWindow.Core.DotNotationParser.datawindow_properties()
   在 Sybase.DataWindow.Core.DotNotationParser.dw_dotnotation()
   在 ag.a(DWObject A_0, String A_1, Object A_2, i A_3)
   在 ag.b(DWObject A_0, String A_1, Object A_2, i A_3)
   在 ag.a(DWObject A_0, String A_1, Object A_2)
   在 Sybase.DataWindow.Core.DWDataWindowObject.SetDotNotationAttribute(DWObject obj, String syntax, Object value)
   在 Sybase.PowerBuilder.WPF.PBDWObject.__set_attribute(PBString n, PBAny v)
   --- 内部异常堆栈跟踪的结尾 ---
   在 Sybase.PowerBuilder.WPF.PBDWObject.a(Exception A_0)
   在 Sybase.PowerBuilder.WPF.PBDWObject.__set_attribute(PBString n, PBAny v)
   在 Sybase.PowerBuilder.PBExtObject.set_Item(PBString n, PBAny value)
   在 c__w_main.c__cb_query.clicked() 位置 c:\project\DataWindow_WPFCO\Custom_DW.out\w_main.cb_query.clicked:行号 5
   --- 内部异常堆栈跟踪的结尾 ---
   在 System.RuntimeMethodHandle._InvokeMethodFast(IRuntimeMethodInfo method, Object target, Object[] arguments, SignatureStruct& sig, MethodAttributes methodAttributes, RuntimeType typeOwner)
   在 System.RuntimeMethodHandle.InvokeMethodFast(IRuntimeMethodInfo method, Object target, Object[] arguments, Signature sig, MethodAttributes methodAttributes, RuntimeType typeOwner)
   在 System.Reflection.RuntimeMethodInfo.Invoke(Object obj, BindingFlags invokeAttr, Binder binder, Object[] parameters, CultureInfo culture, Boolean skipVisibilityChecks)
   在 System.Delegate.DynamicInvokeImpl(Object[] args)
   在 System.Delegate.DynamicInvoke(Object[] args)
   在 Sybase.PowerBuilder.PBSessionBase.ExecuteEvent(Delegate method, Object[] args)
   在 Sybase.PowerBuilder.WPF.PBCommandButton.b(Object A_0, RoutedEventArgs A_1)
   在 System.Windows.RoutedEventHandlerInfo.InvokeHandler(Object target, RoutedEventArgs routedEventArgs)
   在 System.Windows.EventRoute.InvokeHandlersImpl(Object source, RoutedEventArgs args, Boolean reRaised)
   在 System.Windows.UIElement.RaiseEventImpl(DependencyObject sender, RoutedEventArgs args)
   在 System.Windows.UIElement.RaiseEvent(RoutedEventArgs e)
   在 System.Windows.Controls.Primitives.ButtonBase.OnClick()
   在 System.Windows.Controls.Button.OnClick()
   在 System.Windows.Controls.Primitives.ButtonBase.OnMouseLeftButtonUp(MouseButtonEventArgs e)
   在 System.Windows.UIElement.OnMouseLeftButtonUpThunk(Object sender, MouseButtonEventArgs e)
   在 System.Windows.Input.MouseButtonEventArgs.InvokeEventHandler(Delegate genericHandler, Object genericTarget)
   在 System.Windows.RoutedEventArgs.InvokeHandler(Delegate handler, Object target)
   在 System.Windows.RoutedEventHandlerInfo.InvokeHandler(Object target, RoutedEventArgs routedEventArgs)
   在 System.Windows.EventRoute.InvokeHandlersImpl(Object source, RoutedEventArgs args, Boolean reRaised)
   在 System.Windows.UIElement.ReRaiseEventAs(DependencyObject sender, RoutedEventArgs args, RoutedEvent newEvent)
   在 System.Windows.UIElement.OnMouseUpThunk(Object sender, MouseButtonEventArgs e)
   在 System.Windows.Input.MouseButtonEventArgs.InvokeEventHandler(Delegate genericHandler, Object genericTarget)
   在 System.Windows.RoutedEventArgs.InvokeHandler(Delegate handler, Object target)
   在 System.Windows.RoutedEventHandlerInfo.InvokeHandler(Object target, RoutedEventArgs routedEventArgs)
   在 System.Windows.EventRoute.InvokeHandlersImpl(Object source, RoutedEventArgs args, Boolean reRaised)
   在 System.Windows.UIElement.RaiseEventImpl(DependencyObject sender, RoutedEventArgs args)
   在 System.Windows.UIElement.RaiseTrustedEvent(RoutedEventArgs args)
   在 System.Windows.UIElement.RaiseEvent(RoutedEventArgs args, Boolean trusted)
   在 System.Windows.Input.InputManager.ProcessStagingArea()
   在 System.Windows.Input.InputManager.ProcessInput(InputEventArgs input)
   在 System.Windows.Input.InputProviderSite.ReportInput(InputReport inputReport)
   在 System.Windows.Interop.HwndMouseInputProvider.ReportInput(IntPtr hwnd, InputMode mode, Int32 timestamp, RawMouseActions actions, Int32 x, Int32 y, Int32 wheel)
   在 System.Windows.Interop.HwndMouseInputProvider.FilterMessage(IntPtr hwnd, WindowMessage msg, IntPtr wParam, IntPtr lParam, Boolean& handled)
   在 System.Windows.Interop.HwndSource.InputFilterMessage(IntPtr hwnd, Int32 msg, IntPtr wParam, IntPtr lParam, Boolean& handled)
   在 MS.Win32.HwndWrapper.WndProc(IntPtr hwnd, Int32 msg, IntPtr wParam, IntPtr lParam, Boolean& handled)
   在 MS.Win32.HwndSubclass.DispatcherCallbackOperation(Object o)
   在 System.Windows.Threading.ExceptionWrapper.InternalRealCall(Delegate callback, Object args, Int32 numArgs)
   在 MS.Internal.Threading.ExceptionFilterHelper.TryCatchWhen(Object source, Delegate method, Object args, Int32 numArgs, Delegate catchHandler)
Exception Source: mscorlib
Exception StackTrace:    在 System.RuntimeMethodHandle._InvokeMethodFast(IRuntimeMethodInfo method, Object target, Object[] arguments, SignatureStruct& sig, MethodAttributes methodAttributes, RuntimeType typeOwner)
   在 System.RuntimeMethodHandle.InvokeMethodFast(IRuntimeMethodInfo method, Object target, Object[] arguments, Signature sig, MethodAttributes methodAttributes, RuntimeType typeOwner)
   在 System.Reflection.RuntimeMethodInfo.Invoke(Object obj, BindingFlags invokeAttr, Binder binder, Object[] parameters, CultureInfo culture, Boolean skipVisibilityChecks)
   在 System.Delegate.DynamicInvokeImpl(Object[] args)
   在 System.Delegate.DynamicInvoke(Object[] args)
   在 Sybase.PowerBuilder.PBSessionBase.ExecuteEvent(Delegate method, Object[] args)
   在 Sybase.PowerBuilder.WPF.PBCommandButton.b(Object A_0, RoutedEventArgs A_1)
   在 System.Windows.RoutedEventHandlerInfo.InvokeHandler(Object target, RoutedEventArgs routedEventArgs)
   在 System.Windows.EventRoute.InvokeHandlersImpl(Object source, RoutedEventArgs args, Boolean reRaised)
   在 System.Windows.UIElement.RaiseEventImpl(DependencyObject sender, RoutedEventArgs args)
   在 System.Windows.UIElement.RaiseEvent(RoutedEventArgs e)
   在 System.Windows.Controls.Primitives.ButtonBase.OnClick()
   在 System.Windows.Controls.Button.OnClick()
   在 System.Windows.Controls.Primitives.ButtonBase.OnMouseLeftButtonUp(MouseButtonEventArgs e)
   在 System.Windows.UIElement.OnMouseLeftButtonUpThunk(Object sender, MouseButtonEventArgs e)
   在 System.Windows.Input.MouseButtonEventArgs.InvokeEventHandler(Delegate genericHandler, Object genericTarget)
   在 System.Windows.RoutedEventArgs.InvokeHandler(Delegate handler, Object target)
   在 System.Windows.RoutedEventHandlerInfo.InvokeHandler(Object target, RoutedEventArgs routedEventArgs)
   在 System.Windows.EventRoute.InvokeHandlersImpl(Object source, RoutedEventArgs args, Boolean reRaised)
   在 System.Windows.UIElement.ReRaiseEventAs(DependencyObject sender, RoutedEventArgs args, RoutedEvent newEvent)
   在 System.Windows.UIElement.OnMouseUpThunk(Object sender, MouseButtonEventArgs e)
   在 System.Windows.Input.MouseButtonEventArgs.InvokeEventHandler(Delegate genericHandler, Object genericTarget)
   在 System.Windows.RoutedEventArgs.InvokeHandler(Delegate handler, Object target)
   在 System.Windows.RoutedEventHandlerInfo.InvokeHandler(Object target, RoutedEventArgs routedEventArgs)
   在 System.Windows.EventRoute.InvokeHandlersImpl(Object source, RoutedEventArgs args, Boolean reRaised)
   在 System.Windows.UIElement.RaiseEventImpl(DependencyObject sender, RoutedEventArgs args)
   在 System.Windows.UIElement.RaiseTrustedEvent(RoutedEventArgs args)
   在 System.Windows.UIElement.RaiseEvent(RoutedEventArgs args, Boolean trusted)
   在 System.Windows.Input.InputManager.ProcessStagingArea()
   在 System.Windows.Input.InputManager.ProcessInput(InputEventArgs input)
   在 System.Windows.Input.InputProviderSite.ReportInput(InputReport inputReport)
   在 System.Windows.Interop.HwndMouseInputProvider.ReportInput(IntPtr hwnd, InputMode mode, Int32 timestamp, RawMouseActions actions, Int32 x, Int32 y, Int32 wheel)
   在 System.Windows.Interop.HwndMouseInputProvider.FilterMessage(IntPtr hwnd, WindowMessage msg, IntPtr wParam, IntPtr lParam, Boolean& handled)
   在 System.Windows.Interop.HwndSource.InputFilterMessage(IntPtr hwnd, Int32 msg, IntPtr wParam, IntPtr lParam, Boolean& handled)
   在 MS.Win32.HwndWrapper.WndProc(IntPtr hwnd, Int32 msg, IntPtr wParam, IntPtr lParam, Boolean& handled)
   在 MS.Win32.HwndSubclass.DispatcherCallbackOperation(Object o)
   在 System.Windows.Threading.ExceptionWrapper.InternalRealCall(Delegate callback, Object args, Int32 numArgs)
   在 MS.Internal.Threading.ExceptionFilterHelper.TryCatchWhen(Object source, Delegate method, Object args, Int32 numArgs, Delegate catchHandler)
Exception Call Stack:    在 System.Environment.GetStackTrace(Exception e, Boolean needFileInfo)
   在 System.Environment.get_StackTrace()
   在 Sybase.PowerBuilder.PBLogger.a(Exception A_0, LogLevel A_1, Boolean A_2, Boolean A_3)
   在 Sybase.PowerBuilder.PBLogger.a(Exception A_0, LogLevel A_1, Boolean A_2)
   在 Sybase.PowerBuilder.PBLogger.LogExceptionOnly(Exception e, LogLevel logLevel)
   在 Sybase.PowerBuilder.PBError.SetError(Exception e)
   在 Sybase.PowerBuilder.PBApplication.TriggerSystemError(Exception e)
   在 Sybase.PowerBuilder.WPF.PBSession.TriggerSystemError(Exception e)
   在 Sybase.PowerBuilder.WPF.PBApplication.a(Object A_0, DispatcherUnhandledExceptionEventArgs A_1)
   在 System.Windows.Threading.Dispatcher.CatchException(Exception e)
   在 System.Windows.Threading.Dispatcher.CatchExceptionStatic(Object source, Exception e)
   在 System.Windows.Threading.ExceptionWrapper.CatchException(Object source, Exception e, Delegate catchHandler)
   在 MS.Internal.Threading.ExceptionFilterHelper.TryCatchWhen(Object source, Delegate method, Object args, Int32 numArgs, Delegate catchHandler)
   在 System.Windows.Threading.Dispatcher.InvokeImpl(DispatcherPriority priority, TimeSpan timeout, Delegate method, Object args, Int32 numArgs)
   在 MS.Win32.HwndSubclass.SubclassWndProc(IntPtr hwnd, Int32 msg, IntPtr wParam, IntPtr lParam)
   在 MS.Win32.UnsafeNativeMethods.DispatchMessage(MSG& msg)
   在 System.Windows.Threading.Dispatcher.PushFrameImpl(DispatcherFrame frame)
   在 System.Windows.Threading.Dispatcher.PushFrame(DispatcherFrame frame)
   在 System.Windows.Threading.Dispatcher.Run()
   在 System.Windows.Application.RunDispatcher(Object ignore)
   在 System.Windows.Application.RunInternal(Window window)
   在 System.Windows.Application.Run(Window window)
   在 System.Windows.Application.Run()
   在 Sybase.PowerBuilder.WPF.PBSession.RunWPFApp()
   在 PBApplicationEntryPoint.Main() 位置 c:\project\DataWindow_WPFCO\Custom_DW.out\PBApplicationEntryPoint.cs:行号 0
-------------------------------------------------------------------------------

Inner Exception:
Exception Time: 2012-08-23 13:38:01.2676250
Process ID: 2592
AppDomain: Custom_DW.exe Domain ID: 1
 Managed Thread ID: 1
Current Thread State: Running
Method: Void b(System.String)
Exception Type: System.Exception
Exception Message: System.Exception: Incorrect syntax
   在 cj.b(String A_0)
   在 Sybase.DataWindow.Core.DotNotationParser.datawindow_properties()
   在 Sybase.DataWindow.Core.DotNotationParser.dw_dotnotation()
   在 ag.a(DWObject A_0, String A_1, Object A_2, i A_3)
   在 ag.b(DWObject A_0, String A_1, Object A_2, i A_3)
   在 ag.a(DWObject A_0, String A_1, Object A_2)
   在 Sybase.DataWindow.Core.DWDataWindowObject.SetDotNotationAttribute(DWObject obj, String syntax, Object value)
   在 Sybase.PowerBuilder.WPF.PBDWObject.__set_attribute(PBString n, PBAny v)
Exception Source: Sybase.DataWindow.Core
Exception StackTrace:    在 cj.b(String A_0)
   在 Sybase.DataWindow.Core.DotNotationParser.datawindow_properties()
   在 Sybase.DataWindow.Core.DotNotationParser.dw_dotnotation()
   在 ag.a(DWObject A_0, String A_1, Object A_2, i A_3)
   在 ag.b(DWObject A_0, String A_1, Object A_2, i A_3)
   在 ag.a(DWObject A_0, String A_1, Object A_2)
   在 Sybase.DataWindow.Core.DWDataWindowObject.SetDotNotationAttribute(DWObject obj, String syntax, Object value)
   在 Sybase.PowerBuilder.WPF.PBDWObject.__set_attribute(PBString n, PBAny v)
Exception Call Stack:    在 System.Environment.GetStackTrace(Exception e, Boolean needFileInfo)
   在 System.Environment.get_StackTrace()
   在 Sybase.PowerBuilder.PBLogger.a(Exception A_0, LogLevel A_1, Boolean A_2, Boolean A_3)
   在 Sybase.PowerBuilder.PBLogger.a(Exception A_0, LogLevel A_1, Boolean A_2)
   在 Sybase.PowerBuilder.PBLogger.a(Exception A_0, LogLevel A_1, Boolean A_2)
   在 Sybase.PowerBuilder.PBLogger.LogExceptionOnly(Exception e, LogLevel logLevel)
   在 Sybase.PowerBuilder.PBError.SetError(Exception e)
   在 Sybase.PowerBuilder.PBError.SetError(Exception e)
   在 Sybase.PowerBuilder.PBApplication.TriggerSystemError(Exception e)
   在 Sybase.PowerBuilder.WPF.PBSession.TriggerSystemError(Exception e)
   在 Sybase.PowerBuilder.WPF.PBApplication.a(Object A_0, DispatcherUnhandledExceptionEventArgs A_1)
   在 System.Windows.Threading.Dispatcher.CatchException(Exception e)
   在 System.Windows.Threading.Dispatcher.CatchExceptionStatic(Object source, Exception e)
   在 System.Windows.Threading.ExceptionWrapper.CatchException(Object source, Exception e, Delegate catchHandler)
   在 MS.Internal.Threading.ExceptionFilterHelper.TryCatchWhen(Object source, Delegate method, Object args, Int32 numArgs, Delegate catchHandler)
   在 System.Windows.Threading.Dispatcher.InvokeImpl(DispatcherPriority priority, TimeSpan timeout, Delegate method, Object args, Int32 numArgs)
   在 MS.Win32.HwndSubclass.SubclassWndProc(IntPtr hwnd, Int32 msg, IntPtr wParam, IntPtr lParam)
   在 MS.Win32.UnsafeNativeMethods.DispatchMessage(MSG& msg)
   在 System.Windows.Threading.Dispatcher.PushFrameImpl(DispatcherFrame frame)
   在 System.Windows.Threading.Dispatcher.PushFrame(DispatcherFrame frame)
   在 System.Windows.Threading.Dispatcher.Run()
   在 System.Windows.Application.RunDispatcher(Object ignore)
   在 System.Windows.Application.RunInternal(Window window)
   在 System.Windows.Application.Run(Window window)
   在 System.Windows.Application.Run()
   在 Sybase.PowerBuilder.WPF.PBSession.RunWPFApp()
   在 PBApplicationEntryPoint.Main() 位置 c:\project\DataWindow_WPFCO\Custom_DW.out\PBApplicationEntryPoint.cs:行号 0

Main Exception:
Exception Time: 2012-08-23 13:38:01.2676250
Process ID: 2592
AppDomain: Custom_DW.exe Domain ID: 1
 Managed Thread ID: 1
Current Thread State: Running
Method: Void a(System.Exception)
Exception Type: Sybase.PowerBuilder.PBDWRuntimeErrorE
Exception Message: Sybase.PowerBuilder.PBDWRuntimeErrorE ---> System.Exception: Incorrect syntax
   在 cj.b(String A_0)
   在 Sybase.DataWindow.Core.DotNotationParser.datawindow_properties()
   在 Sybase.DataWindow.Core.DotNotationParser.dw_dotnotation()
   在 ag.a(DWObject A_0, String A_1, Object A_2, i A_3)
   在 ag.b(DWObject A_0, String A_1, Object A_2, i A_3)
   在 ag.a(DWObject A_0, String A_1, Object A_2)
   在 Sybase.DataWindow.Core.DWDataWindowObject.SetDotNotationAttribute(DWObject obj, String syntax, Object value)
   在 Sybase.PowerBuilder.WPF.PBDWObject.__set_attribute(PBString n, PBAny v)
   --- 内部异常堆栈跟踪的结尾 ---
   在 Sybase.PowerBuilder.WPF.PBDWObject.a(Exception A_0)
   在 Sybase.PowerBuilder.WPF.PBDWObject.__set_attribute(PBString n, PBAny v)
   在 Sybase.PowerBuilder.PBExtObject.set_Item(PBString n, PBAny value)
   在 c__w_main.c__cb_query.clicked() 位置 c:\project\DataWindow_WPFCO\Custom_DW.out\w_main.cb_query.clicked:行号 5
Exception Source: Sybase.PowerBuilder.WPF
Exception StackTrace:    在 Sybase.PowerBuilder.WPF.PBDWObject.a(Exception A_0)
   在 Sybase.PowerBuilder.WPF.PBDWObject.__set_attribute(PBString n, PBAny v)
   在 Sybase.PowerBuilder.PBExtObject.set_Item(PBString n, PBAny value)
   在 c__w_main.c__cb_query.clicked() 位置 c:\project\DataWindow_WPFCO\Custom_DW.out\w_main.cb_query.clicked:行号 5
Exception Call Stack:    在 System.Environment.GetStackTrace(Exception e, Boolean needFileInfo)
   在 System.Environment.get_StackTrace()
   在 Sybase.PowerBuilder.PBLogger.a(Exception A_0, LogLevel A_1, Boolean A_2, Boolean A_3)
   在 Sybase.PowerBuilder.PBLogger.a(Exception A_0, LogLevel A_1, Boolean A_2)
   在 Sybase.PowerBuilder.PBLogger.LogExceptionOnly(Exception e, LogLevel logLevel)
   在 Sybase.PowerBuilder.PBError.SetError(Exception e)
   在 Sybase.PowerBuilder.PBError.SetError(Exception e)
   在 Sybase.PowerBuilder.PBApplication.TriggerSystemError(Exception e)
   在 Sybase.PowerBuilder.WPF.PBSession.TriggerSystemError(Exception e)
   在 Sybase.PowerBuilder.WPF.PBApplication.a(Object A_0, DispatcherUnhandledExceptionEventArgs A_1)
   在 System.Windows.Threading.Dispatcher.CatchException(Exception e)
   在 System.Windows.Threading.Dispatcher.CatchExceptionStatic(Object source, Exception e)
   在 System.Windows.Threading.ExceptionWrapper.CatchException(Object source, Exception e, Delegate catchHandler)
   在 MS.Internal.Threading.ExceptionFilterHelper.TryCatchWhen(Object source, Delegate method, Object args, Int32 numArgs, Delegate catchHandler)
   在 System.Windows.Threading.Dispatcher.InvokeImpl(DispatcherPriority priority, TimeSpan timeout, Delegate method, Object args, Int32 numArgs)
   在 MS.Win32.HwndSubclass.SubclassWndProc(IntPtr hwnd, Int32 msg, IntPtr wParam, IntPtr lParam)
   在 MS.Win32.UnsafeNativeMethods.DispatchMessage(MSG& msg)
   在 System.Windows.Threading.Dispatcher.PushFrameImpl(DispatcherFrame frame)
   在 System.Windows.Threading.Dispatcher.PushFrame(DispatcherFrame frame)
   在 System.Windows.Threading.Dispatcher.Run()
   在 System.Windows.Application.RunDispatcher(Object ignore)
   在 System.Windows.Application.RunInternal(Window window)
   在 System.Windows.Application.Run(Window window)
   在 System.Windows.Application.Run()
   在 Sybase.PowerBuilder.WPF.PBSession.RunWPFApp()
   在 PBApplicationEntryPoint.Main() 位置 c:\project\DataWindow_WPFCO\Custom_DW.out\PBApplicationEntryPoint.cs:行号 0
-------------------------------------------------------------------------------

