			PBCompiler Report: 2012-08-27 14:26:02

Argument List for Sybase.PowerBuilder.Compiler:
	/t:wpf
	/pbt:"D:\svn\DataWindow_WPFCO\Custom_DW.pbtx"
	/a:Custom_DW
	/o:"D:\svn\DataWindow_WPFCO\Custom_DW.out"
	/debug:+
	/debugsymbol:+
	/NoUFWarn:-
	/platform:x86
	/oname:Custom_DW
	/resdll:Custom_DW.resource
	/rebuild:incremental
	/rebuildapp:-
	/r:"C:\Program Files (x86)\Reference Assemblies\Microsoft\Framework\.NETFramework\v4.0\PresentationCore.dll";"C:\Program Files (x86)\Reference Assemblies\Microsoft\Framework\.NETFramework\v4.0\ReachFramework.dll";"D:\Program Files\pb12\PowerBuilder 12.5\\DotNET\bin\Sybase.PowerBuilder.WCF.Runtime.dll";"C:\Program Files (x86)\Reference Assemblies\Microsoft\Framework\.NETFramework\v4.0\System.ComponentModel.DataAnnotations.dll";"C:\Program Files (x86)\Reference Assemblies\Microsoft\Framework\.NETFramework\v4.0\System.Xaml.dll";"D:\Program Files\Telerik\RadControls for WPF Q2 2012 SP1\Binaries\WPF40\Telerik.Windows.Controls.dll";"D:\Program Files\Telerik\RadControls for WPF Q2 2012 SP1\Binaries\WPF40\Telerik.Windows.Controls.Data.dll";"D:\Program Files\Telerik\RadControls for WPF Q2 2012 SP1\Binaries\WPF40\Telerik.Windows.Controls.GridView.dll";"D:\Program Files\Telerik\RadControls for WPF Q2 2012 SP1\Binaries\WPF40\Telerik.Windows.Controls.Input.dll";"D:\Program Files\Telerik\RadControls for WPF Q2 2012 SP1\Binaries\WPF40\Telerik.Windows.Data.dll";"C:\Program Files (x86)\Reference Assemblies\Microsoft\Framework\.NETFramework\v4.0\UIAutomationProvider.dll";"C:\Program Files (x86)\Reference Assemblies\Microsoft\Framework\.NETFramework\v4.0\UIAutomationTypes.dll";"D:\svn\DataWindow_WPFCO\VirtualEarthWPFControl.dll"

IPBCompiler.Report() output:
Type-checking (pass 1) system (system)
Pre-parsing takes 5.00 seconds
Parsing d:\svn\datawindow_wpfco\custom_dw.pbl\custom_dw.pblx (w_main)
Parsing takes 0.00 seconds
Type-checking (pass 1)  (Custom_DW)
Type-checking (pass 1) d:\svn\datawindow_wpfco\custom_dw.pbl\custom_dw.pblx (w_main)
Type-checking (pass 1) d:\svn\datawindow_wpfco\custom_dw.pbl\custom_dw.pblx (w_main)
Type-checking (pass 1) d:\svn\datawindow_wpfco\custom_dw.pbl\custom_dw.pblx (w_main)
Type-checking prototypes/instance variables(pass 2) 
Type-checking prototypes/instance variables(pass 2) 
Type-checking methods(pass 2) d:\svn\datawindow_wpfco\custom_dw.pbl\custom_dw.pblx (w_main)
Type-checking (pass 1)  (pbglobaldefinitions_custom_dw)
Type-checking prototypes/instance variables(pass 2) 
Typechecking takes 0.00 seconds
Emitting d:\svn\datawindow_wpfco\custom_dw.pbl\custom_dw.pblx (w_main)
Emitting d:\svn\datawindow_wpfco\custom_dw.pbl\custom_dw.pblx (w_main)
Emiting takes 0.00 seconds
DotNetImporter::loadGroupInfoXMLFile() duplicate group custom_dw_custom_dw_a error

