Intelligent Updater Trace output file: C:\project\SMJL\smjl_winform_winformoutput\pbiupub.log
---------------------------------
Exception Time: 2012-08-09 14:32:03.0568750
Process ID: 3160
AppDomain: pbiu.exe Domain ID: 1
 Managed Thread ID: 1
Current Thread State: Running
Method: Boolean GetDestFolder(Int32)
Exception Type: System.IndexOutOfRangeException
Exception Message: 索引超出了数组界限。
Exception Source: pbiu
Exception StackTrace:    在 PBIntelligentUpdater.FileTransfer.GetDestFolder(Int32 nPublishFolderType)
Exception Call Stack:    在 System.Environment.GetStackTrace(Exception e, Boolean needFileInfo)
   在 System.Environment.get_StackTrace()
   在 PBIntelligentUpdater.PublishLogger.logException(Exception ex, Boolean logCallStack)
   在 PBIntelligentUpdater.PublishLogger.LogException(Exception e)
   在 PBIntelligentUpdater.FileTransfer.GetDestFolder(Int32 nPublishFolderType)
   在 PBIntelligentUpdater.FileTransfer.TransferFiles()
   在 PBIntelligentUpdater.PublishEngine.doPublish(PublishProperty myProperty)
   在 PBIntelligentUpdater.PublishEngine.doPublish(String strXmlFileName)
   在 PBIntelligentUpdater.Program.Main(String[] args)
---------------------------------

