PB Trace output file: PBTrace.log
---------------------------------
Inner Exception:
Exception Time: 2012-08-20 17:12:45.5708750
Process ID: 2940
AppDomain: weather.exe Domain ID: 1
 Managed Thread ID: 1
Current Thread State: Running
Method: System.Object b(Sybase.DataWindow.Core.DWDataBuffer, System.String, Int32)
Exception Type: System.Exception
Exception Message: System.Exception: Invalid row range
   在 cj.b(DWDataBuffer A_0, String A_1, Int32 A_2)
   在 cj.d(String A_0, String A_1, Int32 A_2)
   在 cj.a(String A_0, String A_1, String A_2, Int32 A_3)
   在 Sybase.DataWindow.Core.DotNotationParser.column_row(String column, Boolean byIndex, String buffer, String datasource)
   在 Sybase.DataWindow.Core.DotNotationParser.expr_column()
   在 Sybase.DataWindow.Core.DotNotationParser.dw_dotnotation()
   在 ag.a(DWObject A_0, String A_1, Object A_2, i A_3)
   在 ag.b(DWObject A_0, String A_1, Object A_2, i A_3)
   在 ag.a(DWObject A_0, String A_1)
   在 Sybase.DataWindow.Core.DWDataWindowObject.GetDotNotationAttribute(DWObject obj, String syntax)
   在 Sybase.PowerBuilder.WPF.PBDWObject.a(String A_0)
   在 Sybase.PowerBuilder.WPF.PBDWObject.__get_attribute_item(PBString s, PBUInt n, PBArray a, PBBoolean b)
Exception Source: Sybase.DataWindow.Core
Exception StackTrace:    在 cj.b(DWDataBuffer A_0, String A_1, Int32 A_2)
   在 cj.d(String A_0, String A_1, Int32 A_2)
   在 cj.a(String A_0, String A_1, String A_2, Int32 A_3)
   在 Sybase.DataWindow.Core.DotNotationParser.column_row(String column, Boolean byIndex, String buffer, String datasource)
   在 Sybase.DataWindow.Core.DotNotationParser.expr_column()
   在 Sybase.DataWindow.Core.DotNotationParser.dw_dotnotation()
   在 ag.a(DWObject A_0, String A_1, Object A_2, i A_3)
   在 ag.b(DWObject A_0, String A_1, Object A_2, i A_3)
   在 ag.a(DWObject A_0, String A_1)
   在 Sybase.DataWindow.Core.DWDataWindowObject.GetDotNotationAttribute(DWObject obj, String syntax)
   在 Sybase.PowerBuilder.WPF.PBDWObject.a(String A_0)
   在 Sybase.PowerBuilder.WPF.PBDWObject.__get_attribute_item(PBString s, PBUInt n, PBArray a, PBBoolean b)
Exception Call Stack:    在 System.Environment.GetStackTrace(Exception e, Boolean needFileInfo)
   在 System.Environment.get_StackTrace()
   在 Sybase.PowerBuilder.PBLogger.a(Exception A_0, LogLevel A_1, Boolean A_2, Boolean A_3)
   在 Sybase.PowerBuilder.PBLogger.a(Exception A_0, LogLevel A_1, Boolean A_2)
   在 Sybase.PowerBuilder.PBLogger.a(Exception A_0, LogLevel A_1, Boolean A_2)
   在 Sybase.PowerBuilder.PBLogger.LogExceptionOnly(Exception e, LogLevel logLevel)
   在 Sybase.PowerBuilder.PBError.SetError(Exception e)
   在 Sybase.PowerBuilder.PBApplication.TriggerSystemError(Exception e)
   在 Sybase.PowerBuilder.WPF.PBSession.TriggerSystemError(Exception e)
   在 Sybase.PowerBuilder.WPF.PBDataWindow.c(Object A_0, DWClickedEventArgs A_1)
   在 Sybase.DataWindow.Wpf.DWDataWindowControl.OnClicked(Int32 xPos, Int32 yPos, Int32 rowNumber, DWVisualObject dwo)
   在 Sybase.DataWindow.Wpf.DWGraphicObjectControl.HandleMouseLeftButtonDown(MouseButtonEventArgs e)
   在 Sybase.DataWindow.Wpf.DWGraphicObjectControl.OnPreviewMouseLeftButtonDown(MouseButtonEventArgs e)
   在 System.Windows.UIElement.OnPreviewMouseLeftButtonDownThunk(Object sender, MouseButtonEventArgs e)
   在 System.Windows.Input.MouseButtonEventArgs.InvokeEventHandler(Delegate genericHandler, Object genericTarget)
   在 System.Windows.RoutedEventArgs.InvokeHandler(Delegate handler, Object target)
   在 System.Windows.RoutedEventHandlerInfo.InvokeHandler(Object target, RoutedEventArgs routedEventArgs)
   在 System.Windows.EventRoute.InvokeHandlersImpl(Object source, RoutedEventArgs args, Boolean reRaised)
   在 System.Windows.UIElement.ReRaiseEventAs(DependencyObject sender, RoutedEventArgs args, RoutedEvent newEvent)
   在 System.Windows.UIElement.OnPreviewMouseDownThunk(Object sender, MouseButtonEventArgs e)
   在 System.Windows.Input.MouseButtonEventArgs.InvokeEventHandler(Delegate genericHandler, Object genericTarget)
   在 System.Windows.RoutedEventArgs.InvokeHandler(Delegate handler, Object target)
   在 System.Windows.RoutedEventHandlerInfo.InvokeHandler(Object target, RoutedEventArgs routedEventArgs)
   在 System.Windows.EventRoute.InvokeHandlersImpl(Object source, RoutedEventArgs args, Boolean reRaised)
   在 System.Windows.UIElement.RaiseEventImpl(DependencyObject sender, RoutedEventArgs args)
   在 System.Windows.UIElement.RaiseTrustedEvent(RoutedEventArgs args)
   在 System.Windows.UIElement.RaiseEvent(RoutedEventArgs args, Boolean trusted)
   在 System.Windows.Input.InputManager.ProcessStagingArea()
   在 System.Windows.Input.InputManager.ProcessInput(InputEventArgs input)
   在 System.Windows.Input.InputProviderSite.ReportInput(InputReport inputReport)
   在 System.Windows.Interop.HwndMouseInputProvider.ReportInput(IntPtr hwnd, InputMode mode, Int32 timestamp, RawMouseActions actions, Int32 x, Int32 y, Int32 wheel)
   在 System.Windows.Interop.HwndMouseInputProvider.FilterMessage(IntPtr hwnd, WindowMessage msg, IntPtr wParam, IntPtr lParam, Boolean& handled)
   在 System.Windows.Interop.HwndSource.InputFilterMessage(IntPtr hwnd, Int32 msg, IntPtr wParam, IntPtr lParam, Boolean& handled)
   在 MS.Win32.HwndWrapper.WndProc(IntPtr hwnd, Int32 msg, IntPtr wParam, IntPtr lParam, Boolean& handled)
   在 MS.Win32.HwndSubclass.DispatcherCallbackOperation(Object o)
   在 System.Windows.Threading.ExceptionWrapper.InternalRealCall(Delegate callback, Object args, Int32 numArgs)
   在 MS.Internal.Threading.ExceptionFilterHelper.TryCatchWhen(Object source, Delegate method, Object args, Int32 numArgs, Delegate catchHandler)
   在 System.Windows.Threading.Dispatcher.InvokeImpl(DispatcherPriority priority, TimeSpan timeout, Delegate method, Object args, Int32 numArgs)
   在 MS.Win32.HwndSubclass.SubclassWndProc(IntPtr hwnd, Int32 msg, IntPtr wParam, IntPtr lParam)
   在 MS.Win32.UnsafeNativeMethods.DispatchMessage(MSG& msg)
   在 System.Windows.Threading.Dispatcher.PushFrameImpl(DispatcherFrame frame)
   在 System.Windows.Threading.Dispatcher.PushFrame(DispatcherFrame frame)
   在 System.Windows.Threading.Dispatcher.Run()
   在 System.Windows.Application.RunDispatcher(Object ignore)
   在 System.Windows.Application.RunInternal(Window window)
   在 System.Windows.Application.Run(Window window)
   在 System.Windows.Application.Run()
   在 Sybase.PowerBuilder.WPF.PBSession.RunWPFApp()
   在 PBApplicationEntryPoint.Main() 位置 c:\project\weather_net\weather.out\PBApplicationEntryPoint.cs:行号 0

Main Exception:
Exception Time: 2012-08-20 17:12:45.7427500
Process ID: 2940
AppDomain: weather.exe Domain ID: 1
 Managed Thread ID: 1
Current Thread State: Running
Method: Void a(System.Exception)
Exception Type: Sybase.PowerBuilder.PBDWRuntimeErrorE
Exception Message: Sybase.PowerBuilder.PBDWRuntimeErrorE ---> System.Exception: Invalid row range
   在 cj.b(DWDataBuffer A_0, String A_1, Int32 A_2)
   在 cj.d(String A_0, String A_1, Int32 A_2)
   在 cj.a(String A_0, String A_1, String A_2, Int32 A_3)
   在 Sybase.DataWindow.Core.DotNotationParser.column_row(String column, Boolean byIndex, String buffer, String datasource)
   在 Sybase.DataWindow.Core.DotNotationParser.expr_column()
   在 Sybase.DataWindow.Core.DotNotationParser.dw_dotnotation()
   在 ag.a(DWObject A_0, String A_1, Object A_2, i A_3)
   在 ag.b(DWObject A_0, String A_1, Object A_2, i A_3)
   在 ag.a(DWObject A_0, String A_1)
   在 Sybase.DataWindow.Core.DWDataWindowObject.GetDotNotationAttribute(DWObject obj, String syntax)
   在 Sybase.PowerBuilder.WPF.PBDWObject.a(String A_0)
   在 Sybase.PowerBuilder.WPF.PBDWObject.__get_attribute_item(PBString s, PBUInt n, PBArray a, PBBoolean b)
   --- 内部异常堆栈跟踪的结尾 ---
   在 Sybase.PowerBuilder.WPF.PBDWObject.a(Exception A_0)
   在 Sybase.PowerBuilder.WPF.PBDWObject.__get_attribute_item(PBString s, PBUInt n, PBArray a, PBBoolean b)
   在 Sybase.PowerBuilder.PBExtObject.get_Item(PBString s, PBUInt n, PBArray a, PBBoolean b)
   在 c__w_weather.c__dw_province.clicked(PBInt xpos, PBInt ypos, PBLong row, PBDWObject dwo) 位置 c:\project\weather_net\weather.out\w_weather.dw_province.clicked:行号 2
   在 Sybase.PowerBuilder.WPF.PBDataWindow.c(Object A_0, DWClickedEventArgs A_1)
Exception Source: Sybase.PowerBuilder.WPF
Exception StackTrace:    在 Sybase.PowerBuilder.WPF.PBDWObject.a(Exception A_0)
   在 Sybase.PowerBuilder.WPF.PBDWObject.__get_attribute_item(PBString s, PBUInt n, PBArray a, PBBoolean b)
   在 Sybase.PowerBuilder.PBExtObject.get_Item(PBString s, PBUInt n, PBArray a, PBBoolean b)
   在 c__w_weather.c__dw_province.clicked(PBInt xpos, PBInt ypos, PBLong row, PBDWObject dwo) 位置 c:\project\weather_net\weather.out\w_weather.dw_province.clicked:行号 2
   在 Sybase.PowerBuilder.WPF.PBDataWindow.c(Object A_0, DWClickedEventArgs A_1)
Exception Call Stack:    在 System.Environment.GetStackTrace(Exception e, Boolean needFileInfo)
   在 System.Environment.get_StackTrace()
   在 Sybase.PowerBuilder.PBLogger.a(Exception A_0, LogLevel A_1, Boolean A_2, Boolean A_3)
   在 Sybase.PowerBuilder.PBLogger.a(Exception A_0, LogLevel A_1, Boolean A_2)
   在 Sybase.PowerBuilder.PBLogger.LogExceptionOnly(Exception e, LogLevel logLevel)
   在 Sybase.PowerBuilder.PBError.SetError(Exception e)
   在 Sybase.PowerBuilder.PBApplication.TriggerSystemError(Exception e)
   在 Sybase.PowerBuilder.WPF.PBSession.TriggerSystemError(Exception e)
   在 Sybase.PowerBuilder.WPF.PBDataWindow.c(Object A_0, DWClickedEventArgs A_1)
   在 Sybase.DataWindow.Wpf.DWDataWindowControl.OnClicked(Int32 xPos, Int32 yPos, Int32 rowNumber, DWVisualObject dwo)
   在 Sybase.DataWindow.Wpf.DWGraphicObjectControl.HandleMouseLeftButtonDown(MouseButtonEventArgs e)
   在 Sybase.DataWindow.Wpf.DWGraphicObjectControl.OnPreviewMouseLeftButtonDown(MouseButtonEventArgs e)
   在 System.Windows.UIElement.OnPreviewMouseLeftButtonDownThunk(Object sender, MouseButtonEventArgs e)
   在 System.Windows.Input.MouseButtonEventArgs.InvokeEventHandler(Delegate genericHandler, Object genericTarget)
   在 System.Windows.RoutedEventArgs.InvokeHandler(Delegate handler, Object target)
   在 System.Windows.RoutedEventHandlerInfo.InvokeHandler(Object target, RoutedEventArgs routedEventArgs)
   在 System.Windows.EventRoute.InvokeHandlersImpl(Object source, RoutedEventArgs args, Boolean reRaised)
   在 System.Windows.UIElement.ReRaiseEventAs(DependencyObject sender, RoutedEventArgs args, RoutedEvent newEvent)
   在 System.Windows.UIElement.OnPreviewMouseDownThunk(Object sender, MouseButtonEventArgs e)
   在 System.Windows.Input.MouseButtonEventArgs.InvokeEventHandler(Delegate genericHandler, Object genericTarget)
   在 System.Windows.RoutedEventArgs.InvokeHandler(Delegate handler, Object target)
   在 System.Windows.RoutedEventHandlerInfo.InvokeHandler(Object target, RoutedEventArgs routedEventArgs)
   在 System.Windows.EventRoute.InvokeHandlersImpl(Object source, RoutedEventArgs args, Boolean reRaised)
   在 System.Windows.UIElement.RaiseEventImpl(DependencyObject sender, RoutedEventArgs args)
   在 System.Windows.UIElement.RaiseTrustedEvent(RoutedEventArgs args)
   在 System.Windows.UIElement.RaiseEvent(RoutedEventArgs args, Boolean trusted)
   在 System.Windows.Input.InputManager.ProcessStagingArea()
   在 System.Windows.Input.InputManager.ProcessInput(InputEventArgs input)
   在 System.Windows.Input.InputProviderSite.ReportInput(InputReport inputReport)
   在 System.Windows.Interop.HwndMouseInputProvider.ReportInput(IntPtr hwnd, InputMode mode, Int32 timestamp, RawMouseActions actions, Int32 x, Int32 y, Int32 wheel)
   在 System.Windows.Interop.HwndMouseInputProvider.FilterMessage(IntPtr hwnd, WindowMessage msg, IntPtr wParam, IntPtr lParam, Boolean& handled)
   在 System.Windows.Interop.HwndSource.InputFilterMessage(IntPtr hwnd, Int32 msg, IntPtr wParam, IntPtr lParam, Boolean& handled)
   在 MS.Win32.HwndWrapper.WndProc(IntPtr hwnd, Int32 msg, IntPtr wParam, IntPtr lParam, Boolean& handled)
   在 MS.Win32.HwndSubclass.DispatcherCallbackOperation(Object o)
   在 System.Windows.Threading.ExceptionWrapper.InternalRealCall(Delegate callback, Object args, Int32 numArgs)
   在 MS.Internal.Threading.ExceptionFilterHelper.TryCatchWhen(Object source, Delegate method, Object args, Int32 numArgs, Delegate catchHandler)
   在 System.Windows.Threading.Dispatcher.InvokeImpl(DispatcherPriority priority, TimeSpan timeout, Delegate method, Object args, Int32 numArgs)
   在 MS.Win32.HwndSubclass.SubclassWndProc(IntPtr hwnd, Int32 msg, IntPtr wParam, IntPtr lParam)
   在 MS.Win32.UnsafeNativeMethods.DispatchMessage(MSG& msg)
   在 System.Windows.Threading.Dispatcher.PushFrameImpl(DispatcherFrame frame)
   在 System.Windows.Threading.Dispatcher.PushFrame(DispatcherFrame frame)
   在 System.Windows.Threading.Dispatcher.Run()
   在 System.Windows.Application.RunDispatcher(Object ignore)
   在 System.Windows.Application.RunInternal(Window window)
   在 System.Windows.Application.Run(Window window)
   在 System.Windows.Application.Run()
   在 Sybase.PowerBuilder.WPF.PBSession.RunWPFApp()
   在 PBApplicationEntryPoint.Main() 位置 c:\project\weather_net\weather.out\PBApplicationEntryPoint.cs:行号 0
-------------------------------------------------------------------------------

